<?xml version="1.0" encoding="utf-8"?><testsuites name="pytest tests"><testsuite name="pytest" errors="0" failures="0" skipped="0" tests="3" time="58.821" timestamp="2025-11-19T12:25:40.406475+05:30" hostname="myashwant-macbookpro2.roam.internal"><testcase classname="examples.test_plan" name="test_example[terraform:modules/backup-vault-backup-plan:Minimal example:1]" time="55.959" /><testcase classname="examples.test_plan" name="test_example[terraform:modules/backup-vault-backup-plan:Create example with association with diff project resource:1]" time="52.882" /><testcase classname="examples.test_plan" name="test_example[terraform:modules/backup-vault-backup-plan:Maximum example:1]" time="56.997" /></testsuite></testsuites>