<?xml version="1.0" encoding="utf-8"?><testsuites name="pytest tests"><testsuite name="pytest" errors="0" failures="0" skipped="0" tests="5" time="98.636" timestamp="2025-11-19T19:50:03.823168+05:30" hostname="myashwant-macbookpro2.roam.internal"><testcase classname="examples.test_plan" name="test_example[terraform:modules/backup-dr:Create vault and plan:1]" time="74.274" /><testcase classname="examples.test_plan" name="test_example[terraform:modules/backup-dr:Create backup vault with minimal example:1]" time="68.933" /><testcase classname="examples.test_plan" name="test_example[terraform:modules/backup-dr:Create backup vault with maximum example:1]" time="63.032" /><testcase classname="examples.test_plan" name="test_example[terraform:modules/backup-dr:Create only backup plan with existing vault:1]" time="73.975" /><testcase classname="examples.test_plan" name="test_example[terraform:modules/backup-dr:Create management_server:1]" time="27.782" /></testsuite></testsuites>